build/outputs/logs/manifest-merger-debug-report.txt
-- Merging decision tree log ---
manifest
ADDED from aws-sdk-android-samples\AndroidPubSubWebSocket\AndroidManifest.xml:2:1-22:12
INJECTED from aws-sdk-android-samples\AndroidPubSubWebSocket\AndroidManifest.xml:2:1-22:12
INJECTED from aws-sdk-android-samples\AndroidPubSubWebSocket\AndroidManifest.xml:2:1-22:12
MERGED from [com.amazonaws:aws-android-sdk-mobile-client:2.9.2] AndroidManifest.xml:2:1-9:12
MERGED from [com.android.support:support-compat:28.0.0] AndroidManifest.xml:17:1-24:12
MERGED from [com.amazonaws:aws-android-sdk-auth-core:2.9.2] AndroidManifest.xml:2:1-4:80
MERGED from [com.android.support:versionedparcelable:28.0.0] AndroidManifest.xml:17:1-25:12
MERGED from [android.arch.lifecycle:runtime:1.1.1] AndroidManifest.xml:17:1-22:12
INJECTED from aws-sdk-android-samples\AndroidPubSubWebSocket\AndroidManifest.xml:2:1-22:12
INJECTED from aws-sdk-android-samples\AndroidPubSubWebSocket\AndroidManifest.xml:2:1-22:12
	package
		ADDED from aws-sdk-android-samples\AndroidPubSubWebSocket\AndroidManifest.xml:3:5-56
	android:versionName
		ADDED from aws-sdk-android-samples\AndroidPubSubWebSocket\AndroidManifest.xml:5:5-30
		INJECTED from aws-sdk-android-samples\AndroidPubSubWebSocket\AndroidManifest.xml
		INJECTED from aws-sdk-android-samples\AndroidPubSubWebSocket\AndroidManifest.xml
	xmlns:android
		ADDED from aws-sdk-android-samples\AndroidPubSubWebSocket\AndroidManifest.xml:2:11-69
	android:versionCode
		ADDED from aws-sdk-android-samples\AndroidPubSubWebSocket\AndroidManifest.xml:4:5-28
		INJECTED from aws-sdk-android-samples\AndroidPubSubWebSocket\AndroidManifest.xml
		INJECTED from aws-sdk-android-samples\AndroidPubSubWebSocket\AndroidManifest.xml
uses-permission#android.permission.INTERNET
ADDED from aws-sdk-android-samples\AndroidPubSubWebSocket\AndroidManifest.xml:7:5-67
MERGED from [com.amazonaws:aws-android-sdk-mobile-client:2.9.2] AndroidManifest.xml:6:5-66
MERGED from [com.amazonaws:aws-android-sdk-mobile-client:2.9.2] AndroidManifest.xml:6:5-66
	android:name
		ADDED from aws-sdk-android-samples\AndroidPubSubWebSocket\AndroidManifest.xml:7:22-64
application
ADDED from aws-sdk-android-samples\AndroidPubSubWebSocket\AndroidManifest.xml:9:5-20:19
MERGED from [com.android.support:support-compat:28.0.0] AndroidManifest.xml:22:5-94
MERGED from [com.android.support:support-compat:28.0.0] AndroidManifest.xml:22:5-94
MERGED from [com.android.support:versionedparcelable:28.0.0] AndroidManifest.xml:22:5-23:19
MERGED from [com.android.support:versionedparcelable:28.0.0] AndroidManifest.xml:22:5-23:19
	android:appComponentFactory
		ADDED from [com.android.support:support-compat:28.0.0] AndroidManifest.xml:22:18-91
	android:label
		ADDED from aws-sdk-android-samples\AndroidPubSubWebSocket\AndroidManifest.xml:12:9-41
	android:icon
		ADDED from aws-sdk-android-samples\AndroidPubSubWebSocket\AndroidManifest.xml:11:9-45
	android:allowBackup
		ADDED from aws-sdk-android-samples\AndroidPubSubWebSocket\AndroidManifest.xml:10:9-35
activity#com.amazonaws.demo.androidpubsubwebsocket.PubSubActivity
ADDED from aws-sdk-android-samples\AndroidPubSubWebSocket\AndroidManifest.xml:13:9-19:20
	android:name
		ADDED from aws-sdk-android-samples\AndroidPubSubWebSocket\AndroidManifest.xml:13:19-90
intent-filter#action:name:android.intent.action.MAIN+category:name:android.intent.category.LAUNCHER
ADDED from aws-sdk-android-samples\AndroidPubSubWebSocket\AndroidManifest.xml:14:13-18:29
action#android.intent.action.MAIN
ADDED from aws-sdk-android-samples\AndroidPubSubWebSocket\AndroidManifest.xml:15:17-69
	android:name
		ADDED from aws-sdk-android-samples\AndroidPubSubWebSocket\AndroidManifest.xml:15:25-66
category#android.intent.category.LAUNCHER
ADDED from aws-sdk-android-samples\AndroidPubSubWebSocket\AndroidManifest.xml:17:17-77
	android:name
		ADDED from aws-sdk-android-samples\AndroidPubSubWebSocket\AndroidManifest.xml:17:27-74
uses-sdk
INJECTED from aws-sdk-android-samples\AndroidPubSubWebSocket\AndroidManifest.xml reason: use-sdk injection requested
INJECTED from aws-sdk-android-samples\AndroidPubSubWebSocket\AndroidManifest.xml
INJECTED from aws-sdk-android-samples\AndroidPubSubWebSocket\AndroidManifest.xml
MERGED from [com.amazonaws:aws-android-sdk-mobile-client:2.9.2] AndroidManifest.xml:4:5-73
MERGED from [com.amazonaws:aws-android-sdk-mobile-client:2.9.2] AndroidManifest.xml:4:5-73
MERGED from [com.android.support:support-compat:28.0.0] AndroidManifest.xml:20:5-44
MERGED from [com.android.support:support-compat:28.0.0] AndroidManifest.xml:20:5-44
MERGED from [com.amazonaws:aws-android-sdk-auth-core:2.9.2] AndroidManifest.xml:4:1-69
MERGED from [com.amazonaws:aws-android-sdk-auth-core:2.9.2] AndroidManifest.xml:4:1-69
MERGED from [com.android.support:versionedparcelable:28.0.0] AndroidManifest.xml:20:5-44
MERGED from [com.android.support:versionedparcelable:28.0.0] AndroidManifest.xml:20:5-44
MERGED from [android.arch.lifecycle:runtime:1.1.1] AndroidManifest.xml:20:5-44
MERGED from [android.arch.lifecycle:runtime:1.1.1] AndroidManifest.xml:20:5-44
INJECTED from aws-sdk-android-samples\AndroidPubSubWebSocket\AndroidManifest.xml
INJECTED from aws-sdk-android-samples\AndroidPubSubWebSocket\AndroidManifest.xml
	android:targetSdkVersion
		INJECTED from aws-sdk-android-samples\AndroidPubSubWebSocket\AndroidManifest.xml
		ADDED from aws-sdk-android-samples\AndroidPubSubWebSocket\AndroidManifest.xml
		INJECTED from aws-sdk-android-samples\AndroidPubSubWebSocket\AndroidManifest.xml
	android:minSdkVersion
		INJECTED from aws-sdk-android-samples\AndroidPubSubWebSocket\AndroidManifest.xml
		ADDED from aws-sdk-android-samples\AndroidPubSubWebSocket\AndroidManifest.xml
		INJECTED from aws-sdk-android-samples\AndroidPubSubWebSocket\AndroidManifest.xml
uses-permission#android.permission.ACCESS_NETWORK_STATE
ADDED from [com.amazonaws:aws-android-sdk-mobile-client:2.9.2] AndroidManifest.xml:7:5-78
	android:name
		ADDED from [com.amazonaws:aws-android-sdk-mobile-client:2.9.2] AndroidManifest.xml:7:22-76